time="2023-11-29T15:34:00-03:00" level=warning msg="The \"HASH_COUNT\" variable is not set. Defaulting to a blank string."
no such service: bacackend
time="2023-11-29T15:34:15-03:00" level=warning msg="The \"HASH_COUNT\" variable is not set. Defaulting to a blank string."
no such service: bacckend
time="2023-11-29T15:34:22-03:00" level=warning msg="The \"HASH_COUNT\" variable is not set. Defaulting to a blank string."
#1 [backend internal] load .dockerignore
#1 transferring context: 61B 0.0s done
#1 DONE 0.0s

#2 [backend internal] load build definition from Dockerfile
#2 transferring dockerfile: 771B 0.0s done
#2 DONE 0.0s

#3 [backend internal] load metadata for docker.io/library/alpine:3.18
#3 DONE 1.3s

#4 [backend internal] load metadata for docker.io/library/rust:1-alpine3.18
#4 DONE 1.4s

#5 [backend stage-0 1/6] FROM docker.io/library/rust:1-alpine3.18@sha256:b749b12e4d1c183512f5e05a7c544f377e2630d6224a7b00fe7bfb64398aeee9
#5 DONE 0.0s

#6 [backend stage-1 1/3] FROM docker.io/library/alpine:3.18@sha256:eece025e432126ce23f223450a0326fbebde39cdf496a85d8c016293fc851978
#6 DONE 0.0s

#7 [backend internal] load build context
#7 transferring context: 66.14kB 0.3s done
#7 DONE 0.3s

#8 [backend stage-0 2/6] RUN apk add --no-cache musl-dev
#8 CACHED

#9 [backend stage-0 3/6] WORKDIR /app
#9 CACHED

#10 [backend stage-0 4/6] COPY ./ /app
#10 DONE 0.2s

#11 [backend stage-0 5/6] RUN cargo build --release
#11 0.628     Updating crates.io index
#11 6.506  Downloading crates ...
#11 7.564   Downloaded indexmap v1.9.3
#11 7.593   Downloaded lock_api v0.4.11
#11 7.597   Downloaded matches v0.1.10
#11 7.599   Downloaded actix-codec v0.5.1
#11 7.616   Downloaded md-5 v0.9.1
#11 7.616   Downloaded jsonwebtoken v9.1.0
#11 7.620   Downloaded lazy_static v1.4.0
#11 7.623   Downloaded itoa v1.0.9
#11 7.639   Downloaded semver v1.0.20
#11 7.641   Downloaded actix-utils v3.0.1
#11 7.648   Downloaded actix-web-codegen v4.2.2
#11 7.653   Downloaded actix-rt v2.9.0
#11 7.657   Downloaded num_cpus v1.16.0
#11 7.663   Downloaded ppv-lite86 v0.2.17
#11 7.667   Downloaded pbkdf2 v0.11.0
#11 7.672   Downloaded alloc-no-stdlib v2.0.4
#11 7.676   Downloaded adler v1.0.2
#11 7.679   Downloaded num-integer v0.1.45
#11 7.684   Downloaded opaque-debug v0.3.0
#11 7.686   Downloaded take_mut v0.2.2
#11 7.687   Downloaded convert_case v0.4.0
#11 7.701   Downloaded ident_case v1.0.1
#11 7.712   Downloaded futures-sink v0.3.29
#11 7.712   Downloaded darling_macro v0.13.4
#11 7.712   Downloaded cfg-if v1.0.0
#11 7.712   Downloaded local-waker v0.1.4
#11 7.727   Downloaded strsim v0.10.0
#11 7.754   Downloaded match_cfg v0.1.0
#11 7.756   Downloaded bitflags v2.4.1
#11 7.761   Downloaded alloc-stdlib v0.2.2
#11 7.762   Downloaded cipher v0.2.5
#11 7.765   Downloaded slab v0.4.9
#11 7.767   Downloaded powerfmt v0.2.0
#11 7.769   Downloaded pem v3.0.2
#11 7.771   Downloaded md-5 v0.10.6
#11 7.774   Downloaded block-buffer v0.9.0
#11 7.778   Downloaded time-core v0.1.2
#11 7.797   Downloaded radium v0.7.0
#11 7.799   Downloaded hostname v0.3.1
#11 7.802   Downloaded digest v0.10.7
#11 7.805   Downloaded crypto-common v0.1.6
#11 7.807   Downloaded equivalent v1.0.1
#11 7.811   Downloaded time-macros v0.2.15
#11 7.815   Downloaded deranged v0.3.9
#11 7.819   Downloaded subtle v2.4.1
#11 7.820   Downloaded linked-hash-map v0.5.6
#11 7.822   Downloaded futures-macro v0.3.29
#11 7.824   Downloaded fnv v1.0.7
#11 7.826   Downloaded block-buffer v0.10.4
#11 7.831   Downloaded tap v1.0.1
#11 7.833   Downloaded untrusted v0.9.0
#11 7.836   Downloaded rustc_version v0.4.0
#11 7.839   Downloaded tinyvec_macros v0.1.1
#11 7.840   Downloaded sha1 v0.10.6
#11 7.843   Downloaded rustls-pemfile v1.0.4
#11 7.849   Downloaded rand_chacha v0.3.1
#11 7.852   Downloaded sha-1 v0.9.8
#11 7.860   Downloaded rustc_version v0.2.3
#11 7.861   Downloaded sha2 v0.9.9
#11 7.871   Downloaded hmac v0.10.1
#11 7.873   Downloaded bitflags v1.3.2
#11 7.878   Downloaded autocfg v1.1.0
#11 7.881   Downloaded scopeguard v1.2.0
#11 7.883   Downloaded rand_core v0.6.4
#11 7.885   Downloaded paste v1.0.14
#11 7.890   Downloaded futures-core v0.3.29
#11 7.892   Downloaded funty v2.0.0
#11 7.894   Downloaded byteorder v1.5.0
#11 7.896   Downloaded pwhash v1.0.0
#11 7.899   Downloaded proc-macro2 v1.0.69
#11 7.903   Downloaded parking_lot v0.12.1
#11 7.907   Downloaded miniz_oxide v0.7.1
#11 7.911   Downloaded num-traits v0.2.17
#11 7.915   Downloaded version_check v0.9.4
#11 7.917   Downloaded pkg-config v0.3.27
#11 7.919   Downloaded blowfish v0.7.0
#11 7.921   Downloaded serde_with_macros v1.5.2
#11 7.923   Downloaded serde_urlencoded v0.7.1
#11 7.926   Downloaded serde_bytes v0.11.12
#11 7.929   Downloaded sha-1 v0.10.1
#11 7.931   Downloaded darling v0.13.4
#11 7.935   Downloaded semver-parser v0.7.0
#11 7.936   Downloaded quick-error v1.2.3
#11 7.938   Downloaded digest v0.9.0
#11 7.941   Downloaded simple_asn1 v0.6.2
#11 7.943   Downloaded quote v1.0.33
#11 7.948   Downloaded ipnet v2.9.0
#11 7.950   Downloaded actix-macros v0.2.4
#11 7.953   Downloaded thiserror-impl v1.0.50
#11 7.956   Downloaded generic-array v0.14.7
#11 7.958   Downloaded signal-hook-registry v1.4.1
#11 7.960   Downloaded smallvec v1.11.2
#11 7.964   Downloaded hex v0.4.3
#11 7.967   Downloaded cpufeatures v0.2.11
#11 7.969   Downloaded bytestring v1.3.1
#11 7.970   Downloaded pin-utils v0.1.0
#11 7.972   Downloaded percent-encoding v2.3.0
#11 7.973   Downloaded httpdate v1.0.3
#11 7.976   Downloaded dotenv v0.15.0
#11 7.978   Downloaded resolv-conf v0.7.0
#11 7.982   Downloaded form_urlencoded v1.2.0
#11 7.983   Downloaded iana-time-zone v0.1.58
#11 7.987   Downloaded heck v0.4.1
#11 7.989   Downloaded mime v0.3.17
#11 7.991   Downloaded futures-executor v0.3.29
#11 7.993   Downloaded async-trait v0.1.74
#11 7.998   Downloaded stringprep v0.1.4
#11 8.000   Downloaded lru-cache v0.1.2
#11 8.002   Downloaded cookie v0.16.2
#11 8.005   Downloaded getrandom v0.2.11
#11 8.010   Downloaded semver v0.9.0
#11 8.012   Downloaded zstd-safe v6.0.6
#11 8.014   Downloaded data-encoding v2.4.0
#11 8.015   Downloaded parking_lot_core v0.9.9
#11 8.020   Downloaded wyz v0.5.1
#11 8.022   Downloaded futures-task v0.3.29
#11 8.024   Downloaded socket2 v0.4.10
#11 8.061   Downloaded actix-server v2.3.0
#11 8.074   Downloaded actix-router v0.5.1
#11 8.077   Downloaded spin v0.9.8
#11 8.087   Downloaded serde_derive v1.0.192
#11 8.091   Downloaded sct v0.7.1
#11 8.097   Downloaded ryu v1.0.15
#11 8.103   Downloaded zstd v0.12.4
#11 8.109   Downloaded tokio-rustls v0.24.1
#11 8.112   Downloaded futures-channel v0.3.29
#11 8.115   Downloaded pin-project-lite v0.2.13
#11 8.122   Downloaded tokio-macros v2.2.0
#11 8.124   Downloaded crypto-mac v0.10.1
#11 8.125   Downloaded thiserror v1.0.50
#11 8.132   Downloaded sha2 v0.10.8
#11 8.136   Downloaded rustc_version_runtime v0.2.1
#11 8.137   Downloaded once_cell v1.18.0
#11 8.141   Downloaded actix-service v2.0.2
#11 8.143   Downloaded log v0.4.20
#11 8.147   Downloaded tracing-core v0.1.32
#11 8.151   Downloaded indexmap v2.1.0
#11 8.158   Downloaded derive_more v0.99.17
#11 8.166   Downloaded derivative v2.2.0
#11 8.178   Downloaded base64 v0.13.1
#11 8.184   Downloaded memchr v2.6.4
#11 8.193   Downloaded mio v0.8.9
#11 8.248   Downloaded url v2.4.1
#11 8.265   Downloaded serde v1.0.192
#11 8.271   Downloaded hmac v0.12.1
#11 8.278   Downloaded futures v0.3.29
#11 8.285   Downloaded rand v0.8.5
#11 8.308   Downloaded unicode-ident v1.0.12
#11 8.315   Downloaded crc32fast v1.3.2
#11 8.318   Downloaded typenum v1.17.0
#11 8.322   Downloaded hashbrown v0.12.3
#11 8.329   Downloaded tinyvec v1.6.0
#11 8.334   Downloaded socket2 v0.5.5
#11 8.338   Downloaded bytes v1.5.0
#11 8.353   Downloaded actix-http v3.4.0
#11 8.366   Downloaded language-tags v0.3.2
#11 8.380   Downloaded unicode-bidi v0.3.13
#11 8.386   Downloaded hashbrown v0.14.2
#11 8.395   Downloaded local-channel v0.1.5
#11 8.396   Downloaded enum-as-inner v0.4.0
#11 8.416   Downloaded uuid v1.5.0
#11 8.423   Downloaded base64 v0.21.5
#11 8.430   Downloaded cc v1.0.84
#11 8.435   Downloaded tracing v0.1.40
#11 8.441   Downloaded flate2 v1.0.28
#11 8.449   Downloaded ahash v0.8.6
#11 8.457   Downloaded h2 v0.3.21
#11 8.468   Downloaded rustls-webpki v0.101.7
#11 8.492   Downloaded trust-dns-resolver v0.21.2
#11 8.498   Downloaded futures-io v0.3.29
#11 8.521   Downloaded num-bigint v0.4.4
#11 8.529   Downloaded typed-builder v0.10.0
#11 8.532   Downloaded http v0.2.11
#11 8.565   Downloaded serde_with v1.14.0
#11 8.575   Downloaded regex v1.10.2
#11 8.597   Downloaded httparse v1.8.0
#11 8.600   Downloaded unicode-normalization v0.1.22
#11 8.606   Downloaded tokio-util v0.7.10
#11 8.617   Downloaded time v0.3.30
#11 8.628   Downloaded rustls v0.21.8
#11 8.646   Downloaded bson v2.7.0
#11 8.656   Downloaded serde_json v1.0.108
#11 8.668   Downloaded actix-web v4.4.0
#11 8.685   Downloaded regex-syntax v0.8.2
#11 8.699   Downloaded futures-util v0.3.29
#11 8.718   Downloaded aho-corasick v1.1.2
#11 8.728   Downloaded darling_core v0.13.4
#11 8.734   Downloaded idna v0.4.0
#11 8.747   Downloaded brotli-decompressor v2.5.1
#11 8.758   Downloaded chrono v0.4.31
#11 8.772   Downloaded bitvec v1.0.1
#11 8.799   Downloaded webpki-roots v0.25.2
#11 8.806   Downloaded idna v0.2.3
#11 8.817   Downloaded syn v1.0.109
#11 8.834   Downloaded syn v2.0.39
#11 8.850   Downloaded trust-dns-proto v0.21.2
#11 8.870   Downloaded zerocopy v0.7.25
#11 8.946   Downloaded regex-automata v0.4.3
#11 9.045   Downloaded finl_unicode v1.2.0
#11 9.093   Downloaded libc v0.2.150
#11 9.140   Downloaded tokio v1.34.0
#11 9.210   Downloaded zstd-sys v2.0.9+zstd.1.5.5
#11 9.305   Downloaded encoding_rs v0.8.33
#11 9.347   Downloaded brotli v3.4.0
#11 9.392   Downloaded mongodb v2.7.1
#11 9.679   Downloaded ring v0.17.5
#11 9.903    Compiling proc-macro2 v1.0.69
#11 9.903    Compiling unicode-ident v1.0.12
#11 9.903    Compiling libc v0.2.150
#11 9.903    Compiling autocfg v1.1.0
#11 9.903    Compiling cfg-if v1.0.0
#11 9.903    Compiling version_check v0.9.4
#11 9.903    Compiling typenum v1.17.0
#11 9.905    Compiling pin-project-lite v0.2.13
#11 9.905    Compiling futures-core v0.3.29
#11 9.907    Compiling syn v1.0.109
#11 9.910    Compiling log v0.4.20
#11 10.11    Compiling parking_lot_core v0.9.9
#11 10.11    Compiling bytes v1.5.0
#11 10.15    Compiling memchr v2.6.4
#11 10.53    Compiling futures-sink v0.3.29
#11 10.61    Compiling scopeguard v1.2.0
#11 10.66    Compiling smallvec v1.11.2
#11 10.72    Compiling subtle v2.4.1
#11 10.74    Compiling itoa v1.0.9
#11 10.75    Compiling futures-io v0.3.29
#11 10.76    Compiling generic-array v0.14.7
#11 10.82    Compiling lock_api v0.4.11
#11 10.98    Compiling slab v0.4.9
#11 10.98    Compiling futures-task v0.3.29
#11 11.11    Compiling once_cell v1.18.0
#11 11.13    Compiling futures-channel v0.3.29
#11 11.22    Compiling serde v1.0.192
#11 11.34    Compiling futures-util v0.3.29
#11 11.68    Compiling fnv v1.0.7
#11 11.70    Compiling pin-utils v0.1.0
#11 11.71    Compiling quote v1.0.33
#11 11.75    Compiling tinyvec_macros v0.1.1
#11 11.75    Compiling tracing-core v0.1.32
#11 11.76    Compiling cpufeatures v0.2.11
#11 11.84    Compiling tinyvec v1.6.0
#11 11.85    Compiling ppv-lite86 v0.2.17
#11 12.02    Compiling percent-encoding v2.3.0
#11 12.11    Compiling num-traits v0.2.17
#11 12.41    Compiling syn v2.0.39
#11 12.48    Compiling cc v1.0.84
#11 12.55    Compiling getrandom v0.2.11
#11 12.84    Compiling socket2 v0.5.5
#11 12.85    Compiling mio v0.8.9
#11 13.05    Compiling num_cpus v1.16.0
#11 13.18    Compiling parking_lot v0.12.1
#11 13.86    Compiling signal-hook-registry v1.4.1
#11 14.56    Compiling rand_core v0.6.4
#11 15.15    Compiling block-buffer v0.10.4
#11 15.18    Compiling crypto-common v0.1.6
#11 15.36    Compiling digest v0.10.7
#11 15.39    Compiling rand_chacha v0.3.1
#11 15.54    Compiling unicode-normalization v0.1.22
#11 15.91    Compiling tracing v0.1.40
#11 16.04    Compiling unicode-bidi v0.3.13
#11 16.26    Compiling time-core v0.1.2
#11 16.44    Compiling pkg-config v0.3.27
#11 16.47    Compiling powerfmt v0.2.0
#11 16.53    Compiling time-macros v0.2.15
#11 16.64    Compiling ring v0.17.5
#11 16.71    Compiling rand v0.8.5
#11 17.07    Compiling deranged v0.3.9
#11 17.42    Compiling indexmap v1.9.3
#11 17.76    Compiling spin v0.9.8
#11 17.79    Compiling untrusted v0.9.0
#11 17.82    Compiling thiserror v1.0.50
#11 18.00    Compiling form_urlencoded v1.2.0
#11 18.01    Compiling zstd-sys v2.0.9+zstd.1.5.5
#11 18.07    Compiling ahash v0.8.6
#11 18.42    Compiling semver-parser v0.7.0
#11 18.49    Compiling equivalent v1.0.1
#11 18.58    Compiling strsim v0.10.0
#11 18.76    Compiling base64 v0.21.5
#11 19.31    Compiling paste v1.0.14
#11 19.53    Compiling ident_case v1.0.1
#11 19.84    Compiling hashbrown v0.14.2
#11 19.99    Compiling ryu v1.0.15
#11 20.08    Compiling hashbrown v0.12.3
#11 20.54    Compiling serde_json v1.0.108
#11 20.94    Compiling semver v0.9.0
#11 21.01    Compiling idna v0.4.0
#11 21.04    Compiling digest v0.9.0
#11 21.25    Compiling aho-corasick v1.1.2
#11 21.67    Compiling time v0.3.30
#11 21.77    Compiling num-integer v0.1.45
#11 21.96    Compiling indexmap v2.1.0
#11 22.21    Compiling regex-syntax v0.8.2
#11 22.28    Compiling alloc-no-stdlib v2.0.4
#11 22.29    Compiling crc32fast v1.3.2
#11 22.75    Compiling darling_core v0.13.4
#11 22.95    Compiling zstd-safe v6.0.6
#11 23.43    Compiling opaque-debug v0.3.0
#11 23.50    Compiling radium v0.7.0
#11 23.56    Compiling local-waker v0.1.4
#11 24.02    Compiling zerocopy v0.7.25
#11 24.05    Compiling async-trait v0.1.74
#11 24.95    Compiling alloc-stdlib v0.2.2
#11 25.14    Compiling url v2.4.1
#11 25.20    Compiling http v0.2.11
#11 25.60    Compiling rustc_version v0.2.3
#11 27.61    Compiling block-buffer v0.9.0
#11 27.69    Compiling regex-automata v0.4.3
#11 28.27    Compiling num-bigint v0.4.4
#11 30.62    Compiling tokio-macros v2.2.0
#11 30.89    Compiling serde_derive v1.0.192
#11 31.21    Compiling futures-macro v0.3.29
#11 31.58    Compiling thiserror-impl v1.0.50
#11 32.92    Compiling tokio v1.34.0
#11 33.67    Compiling darling_macro v0.13.4
#11 35.16    Compiling heck v0.4.1
#11 35.20    Compiling matches v0.1.10
#11 35.29    Compiling httparse v1.8.0
#11 35.67    Compiling adler v1.0.2
#11 35.94    Compiling tap v1.0.1
#11 36.12    Compiling bitflags v1.3.2
#11 36.29    Compiling match_cfg v0.1.0
#11 36.30    Compiling rustls v0.21.8
#11 36.35    Compiling convert_case v0.4.0
#11 37.40    Compiling derive_more v0.99.17
#11 38.57    Compiling hostname v0.3.1
#11 39.13    Compiling wyz v0.5.1
#11 40.01    Compiling miniz_oxide v0.7.1
#11 41.49    Compiling enum-as-inner v0.4.0
#11 42.87    Compiling idna v0.2.3
#11 42.90    Compiling darling v0.13.4
#11 44.51    Compiling tokio-util v0.7.10
#11 45.22    Compiling sct v0.7.1
#11 46.17    Compiling rustls-webpki v0.101.7
#11 46.38    Compiling actix-rt v2.9.0
#11 49.60    Compiling regex v1.10.2
#11 50.77    Compiling actix-service v2.0.2
#11 51.22    Compiling rustc_version_runtime v0.2.1
#11 52.15    Compiling brotli-decompressor v2.5.1
#11 54.26    Compiling bytestring v1.3.1
#11 55.82    Compiling actix-utils v3.0.1
#11 56.24    Compiling cookie v0.16.2
#11 56.35    Compiling quick-error v1.2.3
#11 56.48    Compiling ipnet v2.9.0
#11 56.62    Compiling linked-hash-map v0.5.6
#11 56.66    Compiling funty v2.0.0
#11 56.66    Compiling data-encoding v2.4.0
#11 57.12    Compiling lazy_static v1.4.0
#11 57.27    Compiling lru-cache v0.1.2
#11 57.58    Compiling trust-dns-proto v0.21.2
#11 62.11    Compiling bitvec v1.0.1
#11 62.17    Compiling resolv-conf v0.7.0
#11 62.66    Compiling brotli v3.4.0
#11 63.13    Compiling serde_bytes v0.11.12
#11 63.76    Compiling uuid v1.5.0
#11 65.62    Compiling actix-router v0.5.1
#11 65.75    Compiling flate2 v1.0.28
#11 68.77    Compiling h2 v0.3.21
#11 71.27    Compiling actix-codec v0.5.1
#11 71.67    Compiling serde_with_macros v1.5.2
#11 72.45    Compiling futures-executor v0.3.29
#11 75.94    Compiling local-channel v0.1.5
#11 76.16    Compiling sha1 v0.10.6
#11 76.18    Compiling crypto-mac v0.10.1
#11 76.40    Compiling cipher v0.2.5
#11 76.78    Compiling encoding_rs v0.8.33
#11 77.25    Compiling bitflags v2.4.1
#11 77.41    Compiling base64 v0.13.1
#11 77.57    Compiling byteorder v1.5.0
#11 77.72    Compiling httpdate v1.0.3
#11 78.19    Compiling mime v0.3.17
#11 78.70    Compiling language-tags v0.3.2
#11 78.79    Compiling iana-time-zone v0.1.58
#11 80.03    Compiling hex v0.4.3
#11 80.67    Compiling finl_unicode v1.2.0
#11 80.82    Compiling bson v2.7.0
#11 81.08    Compiling chrono v0.4.31
#11 81.35    Compiling stringprep v0.1.4
#11 82.86    Compiling blowfish v0.7.0
#11 83.38    Compiling hmac v0.10.1
#11 83.90    Compiling serde_with v1.14.0
#11 83.99    Compiling tokio-rustls v0.24.1
#11 84.50    Compiling simple_asn1 v0.6.2
